<?xml version="1.0" encoding="UTF-8"?>
<!-- Generated by org.testng.reporters.JUnitReportReporter -->
<testsuite name="domestictest.Domestic_Scenario" tests="1" time="22.519" ignored="0" failures="0" timestamp="28 Apr 2017 06:45:42 GMT" skipped="0" hostname="ICPL11544" errors="0">
  <testcase name="scenario1" time="22.519" classname="domestictest.Domestic_Scenario"/>
</testsuite> <!-- domestictest.Domestic_Scenario -->
