<?xml version="1.0" encoding="UTF-8"?>
<!-- Generated by org.testng.reporters.JUnitReportReporter -->
<testsuite hostname="ICPL11544" name="domestictest.Domestic_Scenario" tests="1" failures="0" timestamp="10 Apr 2017 04:55:04 GMT" time="19.895" errors="0">
  <testcase name="scenario1" time="19.895" classname="domestictest.Domestic_Scenario"/>
</testsuite> <!-- domestictest.Domestic_Scenario -->
