<?xml version="1.0" encoding="UTF-8"?>
<!-- Generated by org.testng.reporters.JUnitReportReporter -->
<testsuite name="domestictest.Domestic_Scenario" tests="1" time="21.536" ignored="0" failures="0" timestamp="12 Apr 2017 04:42:17 GMT" skipped="0" hostname="ICPL11544" errors="0">
  <testcase name="scenario1" time="21.536" classname="domestictest.Domestic_Scenario"/>
</testsuite> <!-- domestictest.Domestic_Scenario -->
