<?xml version="1.0" encoding="UTF-8"?>
<!-- Generated by org.testng.reporters.JUnitReportReporter -->
<testsuite hostname="ICPL11544" name="domestictest.Domestic_Scenario_json" tests="3" failures="0" timestamp="6 Apr 2017 06:25:14 GMT" time="33.041" errors="0">
  <testcase name="scenario2" time="5.422" classname="domestictest.Domestic_Scenario_json"/>
  <testcase name="scenario2" time="5.375" classname="domestictest.Domestic_Scenario_json"/>
  <testcase name="scenario2" time="22.244" classname="domestictest.Domestic_Scenario_json"/>
</testsuite> <!-- domestictest.Domestic_Scenario_json -->
