<?xml version="1.0" encoding="UTF-8"?>
<!-- Generated by org.testng.reporters.JUnitReportReporter -->
<testsuite hostname="ICPL11544" name="domestictest.Excel_readTest" tests="3" failures="0" timestamp="3 Apr 2017 08:54:38 GMT" time="23.909" errors="0">
  <testcase name="scenario2" time="5.482" classname="domestictest.Excel_readTest"/>
  <testcase name="scenario2" time="13.105" classname="domestictest.Excel_readTest"/>
  <testcase name="scenario2" time="5.322" classname="domestictest.Excel_readTest"/>
</testsuite> <!-- domestictest.Excel_readTest -->
