<?xml version="1.0" encoding="UTF-8"?>
<!-- Generated by org.testng.reporters.JUnitReportReporter -->
<testsuite hostname="ICPL11544" name="domestictest.Gmail_Main" tests="1" failures="0" timestamp="31 Mar 2017 12:48:13 GMT" time="8.468" errors="0">
  <testcase name="scenario3" time="8.468" classname="domestictest.Gmail_Main"/>
</testsuite> <!-- domestictest.Gmail_Main -->
