<?xml version="1.0" encoding="UTF-8"?>
<!-- Generated by org.testng.reporters.JUnitReportReporter -->
<testsuite hostname="ICPL11544" name="domestictest.Domestic_scenario_csv" tests="3" failures="0" timestamp="26 Apr 2017 05:35:39 GMT" time="24.179" errors="0">
  <testcase name="scenario2" time="5.541" classname="domestictest.Domestic_scenario_csv"/>
  <testcase name="scenario2" time="13.101" classname="domestictest.Domestic_scenario_csv"/>
  <testcase name="scenario2" time="5.537" classname="domestictest.Domestic_scenario_csv"/>
</testsuite> <!-- domestictest.Domestic_scenario_csv -->
