<?xml version="1.0" encoding="UTF-8"?>
<!-- Generated by org.testng.reporters.JUnitReportReporter -->
<testsuite name="domestictest.Domestic_Scenario" tests="1" time="25.716" ignored="0" failures="0" timestamp="25 May 2017 04:55:00 GMT" skipped="0" hostname="ICPL11544" errors="0">
  <testcase name="scenario1" time="25.716" classname="domestictest.Domestic_Scenario"/>
</testsuite> <!-- domestictest.Domestic_Scenario -->
