<?xml version="1.0" encoding="UTF-8"?>
<!-- Generated by org.testng.reporters.JUnitReportReporter -->
<testsuite hostname="ICPL11544" name="domestictest.Domestic_Scenario" tests="1" failures="0" timestamp="7 Apr 2017 11:19:34 GMT" time="20.319" errors="0">
  <testcase name="scenario1" time="20.319" classname="domestictest.Domestic_Scenario"/>
</testsuite> <!-- domestictest.Domestic_Scenario -->
